     7>D:\projects\2024-misis-fall\misis2024f-24-01-kuzmina-k-v\prj.check\prj.check\doctest_arrayd\doctest_arrayd.cpp(3,10): error C1083: Cannot open include file: 'arrayd/arrayd.hpp': No such file or directory [D:\projects\2024-misis-fall\misis2024f-24-01-kuzmina-k-v\build.check\prj.check\prj.check\doctest_arrayd\doctest_arrayd.vcxproj]
     9>D:\projects\2024-misis-fall\misis2024f-24-01-kuzmina-k-v\prj.check\prj.check\doctest_arrayt\doctest_arrayt.cpp(3,10): error C1083: Cannot open include file: 'arrayt/arrayt.hpp': No such file or directory [D:\projects\2024-misis-fall\misis2024f-24-01-kuzmina-k-v\build.check\prj.check\prj.check\doctest_arrayt\doctest_arrayt.vcxproj]
     3>D:\projects\2024-misis-fall\misis2024f-24-01-kuzmina-k-v\prj.lab\complex\complex.cpp(14): error C4716: 'Complex::operator*=': must return a value [D:\projects\2024-misis-fall\misis2024f-24-01-kuzmina-k-v\build.check\prj.lab\complex\complex.vcxproj]
     3>D:\projects\2024-misis-fall\misis2024f-24-01-kuzmina-k-v\prj.lab\complex\complex.cpp(83): error C4716: 'Complex::operator+=': must return a value [D:\projects\2024-misis-fall\misis2024f-24-01-kuzmina-k-v\build.check\prj.lab\complex\complex.vcxproj]
     3>D:\projects\2024-misis-fall\misis2024f-24-01-kuzmina-k-v\prj.lab\complex\complex.cpp(111): error C4716: 'Complex::operator-=': must return a value [D:\projects\2024-misis-fall\misis2024f-24-01-kuzmina-k-v\build.check\prj.lab\complex\complex.vcxproj]
     3>D:\projects\2024-misis-fall\misis2024f-24-01-kuzmina-k-v\prj.lab\complex\complex.cpp(53): error C4716: 'Complex::operator/=': must return a value [D:\projects\2024-misis-fall\misis2024f-24-01-kuzmina-k-v\build.check\prj.lab\complex\complex.vcxproj]
     3>D:\projects\2024-misis-fall\misis2024f-24-01-kuzmina-k-v\prj.lab\complex\complex.cpp(141): error C4716: 'testVvod': must return a value [D:\projects\2024-misis-fall\misis2024f-24-01-kuzmina-k-v\build.check\prj.lab\complex\complex.vcxproj]
     5>D:\projects\2024-misis-fall\misis2024f-24-01-kuzmina-k-v\prj.check\prj.check\doctest_rational\doctest_rational.cpp(29,3): error C2675: unary '-': 'Rational' does not define this operator or a conversion to a type acceptable to the predefined operator [D:\projects\2024-misis-fall\misis2024f-24-01-kuzmina-k-v\build.check\prj.check\prj.check\doctest_rational\doctest_rational.vcxproj]
     5>D:\projects\2024-misis-fall\misis2024f-24-01-kuzmina-k-v\prj.check\prj.check\doctest_rational\doctest_rational.cpp(29,3): error C2088: '-': illegal for struct [D:\projects\2024-misis-fall\misis2024f-24-01-kuzmina-k-v\build.check\prj.check\prj.check\doctest_rational\doctest_rational.vcxproj]
     5>D:\projects\2024-misis-fall\misis2024f-24-01-kuzmina-k-v\prj.check\prj.check\doctest_rational\doctest_rational.cpp(29,3): error C2672: 'doctest::detail::ResultBuilder::binary_assert': no matching overloaded function found [D:\projects\2024-misis-fall\misis2024f-24-01-kuzmina-k-v\build.check\prj.check\prj.check\doctest_rational\doctest_rational.vcxproj]
     5>D:\projects\2024-misis-fall\misis2024f-24-01-kuzmina-k-v\prj.check\prj.check\doctest_rational\doctest_rational.cpp(30,3): error C2675: unary '-': 'Rational' does not define this operator or a conversion to a type acceptable to the predefined operator [D:\projects\2024-misis-fall\misis2024f-24-01-kuzmina-k-v\build.check\prj.check\prj.check\doctest_rational\doctest_rational.vcxproj]
     5>D:\projects\2024-misis-fall\misis2024f-24-01-kuzmina-k-v\prj.check\prj.check\doctest_rational\doctest_rational.cpp(30,3): error C2088: '-': illegal for struct [D:\projects\2024-misis-fall\misis2024f-24-01-kuzmina-k-v\build.check\prj.check\prj.check\doctest_rational\doctest_rational.vcxproj]
     5>D:\projects\2024-misis-fall\misis2024f-24-01-kuzmina-k-v\prj.check\prj.check\doctest_rational\doctest_rational.cpp(30,3): error C2672: 'doctest::detail::ResultBuilder::binary_assert': no matching overloaded function found [D:\projects\2024-misis-fall\misis2024f-24-01-kuzmina-k-v\build.check\prj.check\prj.check\doctest_rational\doctest_rational.vcxproj]
     5>D:\projects\2024-misis-fall\misis2024f-24-01-kuzmina-k-v\prj.check\prj.check\doctest_rational\doctest_rational.cpp(31,3): error C2675: unary '-': 'Rational' does not define this operator or a conversion to a type acceptable to the predefined operator [D:\projects\2024-misis-fall\misis2024f-24-01-kuzmina-k-v\build.check\prj.check\prj.check\doctest_rational\doctest_rational.vcxproj]
     5>D:\projects\2024-misis-fall\misis2024f-24-01-kuzmina-k-v\prj.check\prj.check\doctest_rational\doctest_rational.cpp(31,3): error C2088: '-': illegal for struct [D:\projects\2024-misis-fall\misis2024f-24-01-kuzmina-k-v\build.check\prj.check\prj.check\doctest_rational\doctest_rational.vcxproj]
     5>D:\projects\2024-misis-fall\misis2024f-24-01-kuzmina-k-v\prj.check\prj.check\doctest_rational\doctest_rational.cpp(31,3): error C2672: 'doctest::detail::ResultBuilder::binary_assert': no matching overloaded function found [D:\projects\2024-misis-fall\misis2024f-24-01-kuzmina-k-v\build.check\prj.check\prj.check\doctest_rational\doctest_rational.vcxproj]
     8>LINK : fatal error LNK1181: cannot open input file 'rational.lib' [D:\projects\2024-misis-fall\misis2024f-24-01-kuzmina-k-v\build.check\prj.check\prj.check\doctest_rational\doctest_rational_io.vcxproj]
